<?xml version="1.0" encoding="UTF-8"?>
<!-- Generated by org.testng.reporters.JUnitXMLReporter -->
<testsuite ignored="4" hostname="LAPTOP-I5A3CD95" failures="0" tests="5" name="Test" time="88.859" errors="0" timestamp="2023-08-04T23:41:10 IST">
  <testcase classname="Test.RegisterPage" name="testlogin" time="10.314"/>
  <testcase classname="Test.SearchProduct" name="testlogin" time="5.294"/>
  <testcase classname="Test.Skincare1" name="linkselect" time="11.668"/>
  <testcase classname="Test.Lipstick" name="linkselect" time="10.141"/>
  <testcase classname="Test.CheckOutPage" name="checkout1" time="3.836"/>
  <testcase classname="Baseclass.BaseClass" name="@BeforeTest urlloading" time="0.0">
    <ignored/>
  </testcase> <!-- @BeforeTest urlloading -->
  <testcase classname="Baseclass.BaseClass" name="@BeforeTest urlloading" time="0.0">
    <ignored/>
  </testcase> <!-- @BeforeTest urlloading -->
  <testcase classname="Baseclass.BaseClass" name="@BeforeTest urlloading" time="0.0">
    <ignored/>
  </testcase> <!-- @BeforeTest urlloading -->
  <testcase classname="Baseclass.BaseClass" name="@BeforeTest urlloading" time="0.0">
    <ignored/>
  </testcase> <!-- @BeforeTest urlloading -->
</testsuite> <!-- Test -->
