<?xml version="1.0" encoding="UTF-8"?>
<testng-results ignored="0" total="5" passed="5" failed="0" skipped="0">
  <reporter-output>
  </reporter-output>
  <suite started-at="2023-08-04T23:39:41 IST" name="Suite" finished-at="2023-08-04T23:41:10 IST" duration-ms="88859">
    <groups>
    </groups>
    <test started-at="2023-08-04T23:39:41 IST" name="Test" finished-at="2023-08-04T23:41:10 IST" duration-ms="88859">
      <class name="Test.CheckOutPage">
        <test-method signature="checkout1()[pri:0, instance:Test.CheckOutPage@169bb4dd]" started-at="2023-08-04T23:41:06 IST" name="checkout1" finished-at="2023-08-04T23:41:10 IST" duration-ms="3836" status="PASS">
          <reporter-output>
          </reporter-output>
        </test-method> <!-- checkout1 -->
      </class> <!-- Test.CheckOutPage -->
      <class name="Test.Lipstick">
        <test-method signature="linkselect()[pri:0, instance:Test.Lipstick@626abbd0]" started-at="2023-08-04T23:40:56 IST" name="linkselect" finished-at="2023-08-04T23:41:06 IST" duration-ms="10141" status="PASS">
          <reporter-output>
          </reporter-output>
        </test-method> <!-- linkselect -->
      </class> <!-- Test.Lipstick -->
      <class name="Test.Skincare1">
        <test-method signature="linkselect()[pri:0, instance:Test.Skincare1@7dfb0c0f]" started-at="2023-08-04T23:40:45 IST" name="linkselect" finished-at="2023-08-04T23:40:56 IST" duration-ms="11668" status="PASS">
          <reporter-output>
          </reporter-output>
        </test-method> <!-- linkselect -->
      </class> <!-- Test.Skincare1 -->
      <class name="Test.RegisterPage">
        <test-method is-config="true" signature="urlloading()[pri:0, instance:Test.RegisterPage@1807f5a7]" started-at="2023-08-04T23:39:41 IST" name="urlloading" finished-at="2023-08-04T23:40:29 IST" duration-ms="47509" status="PASS">
          <reporter-output>
          </reporter-output>
        </test-method> <!-- urlloading -->
        <test-method signature="testlogin()[pri:0, instance:Test.RegisterPage@1807f5a7]" started-at="2023-08-04T23:40:29 IST" name="testlogin" finished-at="2023-08-04T23:40:39 IST" duration-ms="10314" status="PASS">
          <reporter-output>
          </reporter-output>
        </test-method> <!-- testlogin -->
      </class> <!-- Test.RegisterPage -->
      <class name="Test.SearchProduct">
        <test-method signature="testlogin()[pri:0, instance:Test.SearchProduct@7d3e8655]" started-at="2023-08-04T23:40:39 IST" name="testlogin" finished-at="2023-08-04T23:40:45 IST" duration-ms="5294" status="PASS">
          <reporter-output>
          </reporter-output>
        </test-method> <!-- testlogin -->
      </class> <!-- Test.SearchProduct -->
    </test> <!-- Test -->
  </suite> <!-- Suite -->
</testng-results>
